e:\users\evire1337\desktop\main\sources c++\tested\base_csgo\release\vc142.pdb
e:\users\evire1337\desktop\main\sources c++\tested\base_csgo\release\vc142.idb
e:\users\evire1337\desktop\main\sources c++\tested\base_csgo\release\aimbot.obj
e:\users\evire1337\desktop\main\sources c++\tested\base_csgo\release\cdraw.obj
e:\users\evire1337\desktop\main\sources c++\tested\base_csgo\release\cmath.obj
e:\users\evire1337\desktop\main\sources c++\tested\base_csgo\release\cvalve.obj
e:\users\evire1337\desktop\main\sources c++\tested\base_csgo\release\cwinsock.obj
e:\users\evire1337\desktop\main\sources c++\tested\base_csgo\release\config.obj
e:\users\evire1337\desktop\main\sources c++\tested\base_csgo\release\draw.obj
e:\users\evire1337\desktop\main\sources c++\tested\base_csgo\release\esp.obj
e:\users\evire1337\desktop\main\sources c++\tested\base_csgo\release\events.obj
e:\users\evire1337\desktop\main\sources c++\tested\base_csgo\release\md5.obj
e:\users\evire1337\desktop\main\sources c++\tested\base_csgo\release\netvars.obj
e:\users\evire1337\desktop\main\sources c++\tested\base_csgo\release\nospread.obj
e:\users\evire1337\desktop\main\sources c++\tested\base_csgo\release\utils.obj
e:\users\evire1337\desktop\main\sources c++\tested\base_csgo\release\checksum_crc.obj
e:\users\evire1337\desktop\main\sources c++\tested\base_csgo\release\client.obj
e:\users\evire1337\desktop\main\sources c++\tested\base_csgo\release\dllfunction.obj
e:\users\evire1337\desktop\main\sources c++\tested\base_csgo\release\menu.obj
e:\users\evire1337\desktop\main\sources c++\tested\base_csgo\release\mouse.obj
e:\users\evire1337\desktop\main\sources c++\tested\release\astra.dll
e:\users\evire1337\desktop\main\sources c++\tested\base_csgo\release\astra.tlog\cl.command.1.tlog
e:\users\evire1337\desktop\main\sources c++\tested\base_csgo\release\astra.tlog\cl.read.1.tlog
e:\users\evire1337\desktop\main\sources c++\tested\base_csgo\release\astra.tlog\cl.write.1.tlog
e:\users\evire1337\desktop\main\sources c++\tested\base_csgo\release\astra.tlog\link.command.1.tlog
e:\users\evire1337\desktop\main\sources c++\tested\base_csgo\release\astra.tlog\link.read.1.tlog
e:\users\evire1337\desktop\main\sources c++\tested\base_csgo\release\astra.tlog\link.write.1.tlog
