C:\Program Files\Microsoft Visual Studio\2022\Professional\MSBuild\Microsoft\VC\v170\Microsoft.CppBuild.targets(531,5): warning MSB8028: промежуточный каталог (Release\) содержит файлы, которые используются совместно с другим проектом (BASE.vcxproj, BASE_CSGO.vcxproj, RealityHook.vcxproj).  Это может привести к ошибкам очистки и перестроения.
cl : командная строка  warning D9035: использование параметра "Gm" нежелательно, он будет удален в следующих выпусках
  dllFunction.cpp
  client.cpp
  Создание кода...
  Пропуск... (изменения не обнаружены)
  mouse.cpp
  menu.cpp
  checksum_crc.cpp
  Utils.cpp
  NoSpread.cpp
  Netvars.cpp
  MD5.cpp
  Events.cpp
  Esp.cpp
  Draw.cpp
  Config.cpp
  CWinsock.cpp
  CValve.cpp
  CMath.cpp
  CDraw.cpp
  Aimbot.cpp
  BASE_CSGO.vcxproj -> C:\Users\PodPi\OneDrive\Рабочий стол\astra\Release\Astra.dll
