c:\users\graffitstar\desktop\testing autowall - copy\release\reality.dll
c:\users\graffitstar\desktop\testing autowall - copy\base_csgo\release\caimbot.obj
c:\users\graffitstar\desktop\testing autowall - copy\base_csgo\release\cdraw.obj
c:\users\graffitstar\desktop\testing autowall - copy\base_csgo\release\cesp.obj
c:\users\graffitstar\desktop\testing autowall - copy\base_csgo\release\cgameeventmanager.obj
c:\users\graffitstar\desktop\testing autowall - copy\base_csgo\release\checksum_crc.obj
c:\users\graffitstar\desktop\testing autowall - copy\base_csgo\release\client.obj
c:\users\graffitstar\desktop\testing autowall - copy\base_csgo\release\cmath.obj
c:\users\graffitstar\desktop\testing autowall - copy\base_csgo\release\cnospread.obj
c:\users\graffitstar\desktop\testing autowall - copy\base_csgo\release\cvalve.obj
c:\users\graffitstar\desktop\testing autowall - copy\base_csgo\release\cvars.obj
c:\users\graffitstar\desktop\testing autowall - copy\base_csgo\release\cwinsock.obj
c:\users\graffitstar\desktop\testing autowall - copy\base_csgo\release\dllmain.obj
c:\users\graffitstar\desktop\testing autowall - copy\base_csgo\release\md5.obj
c:\users\graffitstar\desktop\testing autowall - copy\base_csgo\release\menu.obj
c:\users\graffitstar\desktop\testing autowall - copy\base_csgo\release\mouse.obj
c:\users\graffitstar\desktop\testing autowall - copy\base_csgo\release\netvars.obj
c:\users\graffitstar\desktop\testing autowall - copy\base_csgo\release\surface.obj
c:\users\graffitstar\desktop\testing autowall - copy\base_csgo\release\utils.obj
c:\users\graffitstar\desktop\testing autowall - copy\base_csgo\release\vc142.idb
c:\users\graffitstar\desktop\testing autowall - copy\base_csgo\release\vc142.pdb
c:\users\graffitstar\desktop\testing autowall - copy\base_csgo\release\realityhook.tlog\cl.command.1.tlog
c:\users\graffitstar\desktop\testing autowall - copy\base_csgo\release\realityhook.tlog\link.command.1.tlog
c:\users\graffitstar\desktop\testing autowall - copy\base_csgo\release\realityhook.tlog\link.read.1.tlog
c:\users\graffitstar\desktop\testing autowall - copy\base_csgo\release\realityhook.tlog\link.write.1.tlog
